ERROR - 2022-05-28 00:05:34 --> Error connecting to the database: No connection could be made because the target machine actively refused it.

CRITICAL - 2022-05-28 05:11:30 --> Call to a member function GetAllUsers() on null
#0 D:\xampp\htdocs\testcodeigniter4\system\CodeIgniter.php(832): App\Controllers\Admin\UserController->list()
#1 D:\xampp\htdocs\testcodeigniter4\system\CodeIgniter.php(419): CodeIgniter\CodeIgniter->runController(Object(App\Controllers\Admin\UserController))
#2 D:\xampp\htdocs\testcodeigniter4\system\CodeIgniter.php(326): CodeIgniter\CodeIgniter->handleRequest(NULL, Object(Config\Cache), false)
#3 D:\xampp\htdocs\testcodeigniter4\public\index.php(37): CodeIgniter\CodeIgniter->run()
#4 {main}
CRITICAL - 2022-05-28 05:11:59 --> Call to a member function GetAllUsers() on null
#0 D:\xampp\htdocs\testcodeigniter4\system\CodeIgniter.php(832): App\Controllers\Admin\UserController->list()
#1 D:\xampp\htdocs\testcodeigniter4\system\CodeIgniter.php(419): CodeIgniter\CodeIgniter->runController(Object(App\Controllers\Admin\UserController))
#2 D:\xampp\htdocs\testcodeigniter4\system\CodeIgniter.php(326): CodeIgniter\CodeIgniter->handleRequest(NULL, Object(Config\Cache), false)
#3 D:\xampp\htdocs\testcodeigniter4\public\index.php(37): CodeIgniter\CodeIgniter->run()
#4 {main}
CRITICAL - 2022-05-28 05:12:15 --> Call to a member function getAllUsers() on null
#0 D:\xampp\htdocs\testcodeigniter4\system\CodeIgniter.php(832): App\Controllers\Admin\UserController->list()
#1 D:\xampp\htdocs\testcodeigniter4\system\CodeIgniter.php(419): CodeIgniter\CodeIgniter->runController(Object(App\Controllers\Admin\UserController))
#2 D:\xampp\htdocs\testcodeigniter4\system\CodeIgniter.php(326): CodeIgniter\CodeIgniter->handleRequest(NULL, Object(Config\Cache), false)
#3 D:\xampp\htdocs\testcodeigniter4\public\index.php(37): CodeIgniter\CodeIgniter->run()
#4 {main}
CRITICAL - 2022-05-28 05:14:56 --> Call to a member function getAllUsers() on null
#0 D:\xampp\htdocs\testcodeigniter4\system\CodeIgniter.php(832): App\Controllers\Admin\UserController->list()
#1 D:\xampp\htdocs\testcodeigniter4\system\CodeIgniter.php(419): CodeIgniter\CodeIgniter->runController(Object(App\Controllers\Admin\UserController))
#2 D:\xampp\htdocs\testcodeigniter4\system\CodeIgniter.php(326): CodeIgniter\CodeIgniter->handleRequest(NULL, Object(Config\Cache), false)
#3 D:\xampp\htdocs\testcodeigniter4\public\index.php(37): CodeIgniter\CodeIgniter->run()
#4 {main}
CRITICAL - 2022-05-28 05:17:05 --> Call to a member function getAllUsers() on null
#0 D:\xampp\htdocs\testcodeigniter4\system\CodeIgniter.php(832): App\Controllers\Admin\UserController->list()
#1 D:\xampp\htdocs\testcodeigniter4\system\CodeIgniter.php(419): CodeIgniter\CodeIgniter->runController(Object(App\Controllers\Admin\UserController))
#2 D:\xampp\htdocs\testcodeigniter4\system\CodeIgniter.php(326): CodeIgniter\CodeIgniter->handleRequest(NULL, Object(Config\Cache), false)
#3 D:\xampp\htdocs\testcodeigniter4\public\index.php(37): CodeIgniter\CodeIgniter->run()
#4 {main}
CRITICAL - 2022-05-28 05:17:06 --> Call to a member function getAllUsers() on null
#0 D:\xampp\htdocs\testcodeigniter4\system\CodeIgniter.php(832): App\Controllers\Admin\UserController->list()
#1 D:\xampp\htdocs\testcodeigniter4\system\CodeIgniter.php(419): CodeIgniter\CodeIgniter->runController(Object(App\Controllers\Admin\UserController))
#2 D:\xampp\htdocs\testcodeigniter4\system\CodeIgniter.php(326): CodeIgniter\CodeIgniter->handleRequest(NULL, Object(Config\Cache), false)
#3 D:\xampp\htdocs\testcodeigniter4\public\index.php(37): CodeIgniter\CodeIgniter->run()
#4 {main}
CRITICAL - 2022-05-28 05:17:07 --> Call to a member function getAllUsers() on null
#0 D:\xampp\htdocs\testcodeigniter4\system\CodeIgniter.php(832): App\Controllers\Admin\UserController->list()
#1 D:\xampp\htdocs\testcodeigniter4\system\CodeIgniter.php(419): CodeIgniter\CodeIgniter->runController(Object(App\Controllers\Admin\UserController))
#2 D:\xampp\htdocs\testcodeigniter4\system\CodeIgniter.php(326): CodeIgniter\CodeIgniter->handleRequest(NULL, Object(Config\Cache), false)
#3 D:\xampp\htdocs\testcodeigniter4\public\index.php(37): CodeIgniter\CodeIgniter->run()
#4 {main}
CRITICAL - 2022-05-28 05:20:50 --> Call to a member function getAllUsers() on null
#0 D:\xampp\htdocs\testcodeigniter4\system\CodeIgniter.php(832): App\Controllers\Admin\UserController->list()
#1 D:\xampp\htdocs\testcodeigniter4\system\CodeIgniter.php(419): CodeIgniter\CodeIgniter->runController(Object(App\Controllers\Admin\UserController))
#2 D:\xampp\htdocs\testcodeigniter4\system\CodeIgniter.php(326): CodeIgniter\CodeIgniter->handleRequest(NULL, Object(Config\Cache), false)
#3 D:\xampp\htdocs\testcodeigniter4\public\index.php(37): CodeIgniter\CodeIgniter->run()
#4 {main}
CRITICAL - 2022-05-28 05:21:50 --> Call to a member function getAllUsers() on null
#0 D:\xampp\htdocs\testcodeigniter4\system\CodeIgniter.php(832): App\Controllers\Admin\UserController->list()
#1 D:\xampp\htdocs\testcodeigniter4\system\CodeIgniter.php(419): CodeIgniter\CodeIgniter->runController(Object(App\Controllers\Admin\UserController))
#2 D:\xampp\htdocs\testcodeigniter4\system\CodeIgniter.php(326): CodeIgniter\CodeIgniter->handleRequest(NULL, Object(Config\Cache), false)
#3 D:\xampp\htdocs\testcodeigniter4\public\index.php(37): CodeIgniter\CodeIgniter->run()
#4 {main}
